10:04:32.358 [I] InitProc(SetProcMsg)[12] : ================= Start Process =================
10:04:32.515 [I] InitProc(SetProcMsg)[12] : Regulator [L:30%] [R:30%] Enter
10:04:32.599 [I] InitProc(SetProcMsg)[12] : Regulator [L:30%] [R:30%]
10:04:32.686 [I] InitProc(SetProcMsg)[12] : ROLL GAP UP Enter
10:04:32.770 [I] InitProc(SetProcMsg)[12] : ROLL GAP UP
10:04:32.856 [I] InitProc(SetProcMsg)[12] : UV CYLINDER UP Enter
10:04:32.937 [I] InitProc(SetProcMsg)[12] : UV CYLINDER UP
10:04:33.011 [I] InitProc(SetProcMsg)[12] : LIFT PIN DOWN Enter
10:04:33.101 [I] InitProc(SetProcMsg)[12] : LIFT PIN DOWN
10:04:33.184 [I] InitProc(SetProcMsg)[12] : FILM CLAMP DOWN Enter
10:04:33.264 [I] InitProc(SetProcMsg)[12] : FILM CLAMP DOWN
10:04:33.340 [I] InitProc(SetProcMsg)[12] : ROLL CLAMP DOWN Enter
10:04:33.423 [I] InitProc(SetProcMsg)[12] : ROLL CLAMP DOWN
10:04:33.745 [I] InitProc(SetProcMsg)[12] : Motion Home Enter (StageX, RollGapRight, RollGapLeft, Demold)
10:04:34.831 [I] InitProc(SetProcMsg)[12] : Motion Home (StageX, RollGapRight, RollGapLeft, Demold)
10:04:34.909 [I] InitProc(SetProcMsg)[12] : Motion Software Limit Enter
10:04:35.063 [I] InitProc(SetProcMsg)[12] : ================= End Process =================
10:06:59.443 [I] InitProc(SetProcMsg)[12] : ================= Start Process =================
10:06:59.606 [I] InitProc(SetProcMsg)[12] : Regulator [L:30%] [R:30%] Enter
10:06:59.684 [I] InitProc(SetProcMsg)[12] : Regulator [L:30%] [R:30%]
10:06:59.758 [I] InitProc(SetProcMsg)[12] : ROLL GAP UP Enter
10:06:59.843 [I] InitProc(SetProcMsg)[12] : ROLL GAP UP
10:06:59.929 [I] InitProc(SetProcMsg)[12] : UV CYLINDER UP Enter
10:07:00.015 [I] InitProc(SetProcMsg)[12] : UV CYLINDER UP
10:07:00.103 [I] InitProc(SetProcMsg)[12] : LIFT PIN DOWN Enter
10:07:00.184 [I] InitProc(SetProcMsg)[12] : LIFT PIN DOWN
10:07:00.261 [I] InitProc(SetProcMsg)[12] : FILM CLAMP DOWN Enter
10:07:00.343 [I] InitProc(SetProcMsg)[12] : FILM CLAMP DOWN
10:07:00.419 [I] InitProc(SetProcMsg)[12] : ROLL CLAMP DOWN Enter
10:07:00.501 [I] InitProc(SetProcMsg)[12] : ROLL CLAMP DOWN
10:07:00.817 [I] InitProc(SetProcMsg)[12] : Motion Home Enter (StageX, RollGapRight, RollGapLeft, Demold)
10:07:01.915 [I] InitProc(SetProcMsg)[12] : Motion Home (StageX, RollGapRight, RollGapLeft, Demold)
10:07:01.993 [I] InitProc(SetProcMsg)[12] : Motion Software Limit Enter
10:07:02.151 [I] InitProc(SetProcMsg)[12] : ================= End Process =================
10:09:16.439 [I] InitProc(SetProcMsg)[13] : ================= Start Process =================
10:09:16.609 [I] InitProc(SetProcMsg)[13] : Regulator [L:30%] [R:30%] Enter
10:09:16.689 [I] InitProc(SetProcMsg)[13] : Regulator [L:30%] [R:30%]
10:09:16.764 [I] InitProc(SetProcMsg)[13] : ROLL GAP UP Enter
10:09:16.846 [I] InitProc(SetProcMsg)[13] : ROLL GAP UP
10:09:16.921 [I] InitProc(SetProcMsg)[13] : UV CYLINDER UP Enter
10:09:17.004 [I] InitProc(SetProcMsg)[13] : UV CYLINDER UP
10:09:17.078 [I] InitProc(SetProcMsg)[13] : LIFT PIN DOWN Enter
10:09:17.157 [I] InitProc(SetProcMsg)[13] : LIFT PIN DOWN
10:09:17.232 [I] InitProc(SetProcMsg)[13] : FILM CLAMP DOWN Enter
10:09:17.312 [I] InitProc(SetProcMsg)[13] : FILM CLAMP DOWN
10:09:17.385 [I] InitProc(SetProcMsg)[13] : ROLL CLAMP DOWN Enter
10:09:17.463 [I] InitProc(SetProcMsg)[13] : ROLL CLAMP DOWN
10:09:17.776 [I] InitProc(SetProcMsg)[13] : Motion Home Enter (StageX, RollGapRight, RollGapLeft, Demold)
10:09:18.876 [I] InitProc(SetProcMsg)[13] : Motion Home (StageX, RollGapRight, RollGapLeft, Demold)
10:09:18.954 [I] InitProc(SetProcMsg)[13] : Motion Software Limit Enter
10:09:19.112 [I] InitProc(SetProcMsg)[13] : ================= End Process =================
