16:31:50.295 [I] FilmLoadProc(SetProcMsg)[17] : ================= Start Process =================
16:31:50.792 [I] FilmLoadProc(SetProcMsg)[17] : RollGapRight Axis Movement : Cur:0.000mm Move:-1.000mm
16:31:50.793 [I] FilmLoadProc(SetProcMsg)[17] : RollGapLeft Axis Movement : Cur:0.000mm Move:-1.000mm
16:31:51.042 [I] FilmLoadProc(SetProcMsg)[17] : RollGapRight Axis Movement Complete : Cur:-1.000mm Move:-1.000mm
16:31:51.042 [I] FilmLoadProc(SetProcMsg)[17] : RollGapLeft Axis Movement Complete : Cur:-1.000mm Move:-1.000mm
16:31:51.104 [I] FilmLoadProc(SetProcMsg)[17] : Ready Pos Move Enter
16:31:51.105 [I] FilmLoadProc(SetProcMsg)[17] : StageX Axis Movement : Cur:0.000mm Move:285.000mm
16:31:51.106 [I] FilmLoadProc(SetProcMsg)[17] : Demold Axis Movement : Cur:0.000mm Move:0.000mm Bypass
16:31:56.999 [I] FilmLoadProc(SetProcMsg)[17] : StageX Axis Movement Complete : Cur:285.000mm Move:285.000mm
16:31:57.189 [I] FilmLoadProc(SetProcMsg)[17] : ROLL GAP DOWN Enter
16:31:57.250 [I] FilmLoadProc(SetProcMsg)[17] : ROLL GAP DOWN
16:31:57.251 [I] FilmLoadProc(SetProcMsg)[17] : Delay Time 2000 msec
16:31:59.315 [I] FilmLoadProc(SetProcMsg)[17] : RollGapRight Axis Movement : Cur:-1.000mm Move:-5.000mm
16:31:59.315 [I] FilmLoadProc(SetProcMsg)[17] : RollGapLeft Axis Movement : Cur:-1.000mm Move:-5.000mm
16:31:59.563 [I] FilmLoadProc(SetProcMsg)[17] : RollGapRight Axis Movement Complete : Cur:-5.000mm Move:-5.000mm
16:31:59.563 [I] FilmLoadProc(SetProcMsg)[17] : RollGapLeft Axis Movement Complete : Cur:-5.000mm Move:-5.000mm
16:31:59.625 [I] FilmLoadProc(SetProcMsg)[17] : ================= End Process =================
16:33:08.446 [I] FilmLoadProc(SetProcMsg)[17] : ================= Start Process =================
16:33:08.690 [I] FilmLoadProc(SetProcMsg)[17] : ROLL GAP UP Enter
16:33:08.751 [I] FilmLoadProc(SetProcMsg)[17] : ROLL GAP UP
16:33:08.994 [I] FilmLoadProc(SetProcMsg)[17] : RollGapRight Axis Movement : Cur:-5.000mm Move:-1.000mm
16:33:08.994 [I] FilmLoadProc(SetProcMsg)[17] : RollGapLeft Axis Movement : Cur:-5.000mm Move:-1.000mm
16:33:09.237 [I] FilmLoadProc(SetProcMsg)[17] : RollGapRight Axis Movement Complete : Cur:-1.000mm Move:-1.000mm
16:33:09.237 [I] FilmLoadProc(SetProcMsg)[17] : RollGapLeft Axis Movement Complete : Cur:-1.000mm Move:-1.000mm
16:33:09.299 [I] FilmLoadProc(SetProcMsg)[17] : Ready Pos Move Enter
16:33:09.299 [I] FilmLoadProc(SetProcMsg)[17] : StageX Axis Movement : Cur:550.000mm Move:285.000mm
16:33:09.299 [I] FilmLoadProc(SetProcMsg)[17] : Demold Axis Movement : Cur:265.000mm Move:0.000mm
16:33:09.299 [I] FilmLoadProc(SetProcMsg)[17] : Delay Time 50 msec
16:33:14.726 [I] FilmLoadProc(SetProcMsg)[17] : StageX Axis Movement Complete : Cur:285.000mm Move:285.000mm
16:33:14.789 [I] FilmLoadProc(SetProcMsg)[17] : Demold Axis Movement Complete : Cur:0.000mm Move:0.000mm
16:33:14.975 [I] FilmLoadProc(SetProcMsg)[17] : ROLL GAP DOWN Enter
16:33:15.036 [I] FilmLoadProc(SetProcMsg)[17] : ROLL GAP DOWN
16:33:15.036 [I] FilmLoadProc(SetProcMsg)[17] : Delay Time 2000 msec
16:33:17.099 [I] FilmLoadProc(SetProcMsg)[17] : RollGapRight Axis Movement : Cur:-1.000mm Move:-5.000mm
16:33:17.099 [I] FilmLoadProc(SetProcMsg)[17] : RollGapLeft Axis Movement : Cur:-1.000mm Move:-5.000mm
16:33:17.345 [I] FilmLoadProc(SetProcMsg)[17] : RollGapRight Axis Movement Complete : Cur:-5.000mm Move:-5.000mm
16:33:17.345 [I] FilmLoadProc(SetProcMsg)[17] : RollGapLeft Axis Movement Complete : Cur:-5.000mm Move:-5.000mm
16:33:17.408 [I] FilmLoadProc(SetProcMsg)[17] : ================= End Process =================
16:33:28.317 [I] FilmLoadProc(SetProcMsg)[17] : ================= Start Process =================
16:33:28.561 [I] FilmLoadProc(SetProcMsg)[17] : ROLL GAP UP Enter
16:33:28.623 [I] FilmLoadProc(SetProcMsg)[17] : ROLL GAP UP
16:33:28.867 [I] FilmLoadProc(SetProcMsg)[17] : RollGapRight Axis Movement : Cur:-5.000mm Move:-1.000mm
16:33:28.867 [I] FilmLoadProc(SetProcMsg)[17] : RollGapLeft Axis Movement : Cur:-5.000mm Move:-1.000mm
16:33:29.112 [I] FilmLoadProc(SetProcMsg)[17] : RollGapRight Axis Movement Complete : Cur:-1.000mm Move:-1.000mm
16:33:29.112 [I] FilmLoadProc(SetProcMsg)[17] : RollGapLeft Axis Movement Complete : Cur:-1.000mm Move:-1.000mm
16:33:29.235 [I] FilmLoadProc(SetProcMsg)[17] : Home Pos Move Enter
16:33:29.235 [I] FilmLoadProc(SetProcMsg)[17] : StageX Axis Movement : Cur:285.000mm Move:0.000mm
16:33:29.236 [I] FilmLoadProc(SetProcMsg)[17] : Demold Axis Movement : Cur:0.000mm Move:0.000mm Bypass
16:33:34.367 [I] FilmLoadProc(SetProcMsg)[17] : StageX Axis Movement Complete : Cur:0.000mm Move:0.000mm
16:33:34.611 [I] FilmLoadProc(SetProcMsg)[17] : ================= End Process =================
16:57:38.786 [I] FilmLoadProc(SetProcMsg)[21] : ================= Start Process =================
16:57:39.111 [I] FilmLoadProc(SetProcMsg)[21] : ROLL GAP UP Enter
16:57:39.191 [I] FilmLoadProc(SetProcMsg)[21] : ROLL GAP UP
16:57:39.512 [I] FilmLoadProc(SetProcMsg)[21] : RollGapRight Axis Movement : Cur:-5.000mm Move:-1.000mm
16:57:39.512 [I] FilmLoadProc(SetProcMsg)[21] : RollGapLeft Axis Movement : Cur:-5.000mm Move:-1.000mm
16:57:39.746 [I] FilmLoadProc(SetProcMsg)[21] : RollGapRight Axis Movement Complete : Cur:-1.000mm Move:-1.000mm
16:57:39.746 [I] FilmLoadProc(SetProcMsg)[21] : RollGapLeft Axis Movement Complete : Cur:-1.000mm Move:-1.000mm
16:57:39.825 [I] FilmLoadProc(SetProcMsg)[21] : Ready Pos Move Enter
16:57:39.825 [I] FilmLoadProc(SetProcMsg)[21] : StageX Axis Movement : Cur:342.800mm Move:285.000mm
16:57:39.826 [I] FilmLoadProc(SetProcMsg)[21] : Demold Axis Movement : Cur:70.000mm Move:0.000mm
16:57:39.826 [I] FilmLoadProc(SetProcMsg)[21] : Delay Time 50 msec
16:57:41.281 [I] FilmLoadProc(SetProcMsg)[21] : StageX Axis Movement Complete : Cur:285.000mm Move:285.000mm
16:57:41.590 [I] FilmLoadProc(SetProcMsg)[21] : Demold Axis Movement Complete : Cur:0.000mm Move:0.000mm
16:57:41.824 [I] FilmLoadProc(SetProcMsg)[21] : ROLL GAP DOWN Enter
16:57:41.902 [I] FilmLoadProc(SetProcMsg)[21] : ROLL GAP DOWN
16:57:41.902 [I] FilmLoadProc(SetProcMsg)[21] : Delay Time 2000 msec
16:57:43.991 [I] FilmLoadProc(SetProcMsg)[21] : RollGapRight Axis Movement : Cur:-1.000mm Move:-5.000mm
16:57:43.991 [I] FilmLoadProc(SetProcMsg)[21] : RollGapLeft Axis Movement : Cur:-1.000mm Move:-5.000mm
16:57:44.226 [I] FilmLoadProc(SetProcMsg)[21] : RollGapRight Axis Movement Complete : Cur:-5.000mm Move:-5.000mm
16:57:44.227 [I] FilmLoadProc(SetProcMsg)[21] : RollGapLeft Axis Movement Complete : Cur:-5.000mm Move:-5.000mm
16:57:44.304 [I] FilmLoadProc(SetProcMsg)[21] : ================= End Process =================
16:58:46.538 [I] FilmLoadProc(SetProcMsg)[22] : ================= Start Process =================
16:58:47.157 [I] FilmLoadProc(SetProcMsg)[22] : RollGapRight Axis Movement : Cur:-5.000mm Move:-1.000mm
16:58:47.158 [I] FilmLoadProc(SetProcMsg)[22] : RollGapLeft Axis Movement : Cur:-5.000mm Move:-1.000mm
16:58:47.390 [I] FilmLoadProc(SetProcMsg)[22] : RollGapRight Axis Movement Complete : Cur:-1.000mm Move:-1.000mm
16:58:47.390 [I] FilmLoadProc(SetProcMsg)[22] : RollGapLeft Axis Movement Complete : Cur:-1.000mm Move:-1.000mm
16:58:47.469 [I] FilmLoadProc(SetProcMsg)[22] : Ready Pos Move Enter
16:58:47.469 [I] FilmLoadProc(SetProcMsg)[22] : StageX Axis Movement : Cur:213.000mm Move:285.000mm
16:58:47.469 [I] FilmLoadProc(SetProcMsg)[22] : Demold Axis Movement : Cur:0.000mm Move:0.000mm Bypass
16:58:49.136 [I] FilmLoadProc(SetProcMsg)[22] : ================= Start Process =================
16:58:49.761 [I] FilmLoadProc(SetProcMsg)[22] : RollGapRight Axis Movement : Cur:-1.000mm Move:-1.000mm Bypass
16:58:49.763 [I] FilmLoadProc(SetProcMsg)[22] : RollGapLeft Axis Movement : Cur:-1.000mm Move:-1.000mm Bypass
16:58:49.917 [I] FilmLoadProc(SetProcMsg)[22] : Ready Pos Move Enter
16:58:49.918 [I] FilmLoadProc(SetProcMsg)[22] : StageX Axis Movement : Cur:238.000mm Move:285.000mm
16:58:49.919 [I] FilmLoadProc(SetProcMsg)[22] : Demold Axis Movement : Cur:0.000mm Move:0.000mm Bypass
16:58:51.157 [I] FilmLoadProc(SetProcMsg)[22] : StageX Axis Movement Complete : Cur:285.000mm Move:285.000mm
16:58:51.393 [I] FilmLoadProc(SetProcMsg)[22] : ROLL GAP DOWN Enter
16:58:51.470 [I] FilmLoadProc(SetProcMsg)[22] : ROLL GAP DOWN
16:58:51.471 [I] FilmLoadProc(SetProcMsg)[22] : Delay Time 2000 msec
16:58:53.549 [I] FilmLoadProc(SetProcMsg)[22] : RollGapRight Axis Movement : Cur:-1.000mm Move:-5.000mm
16:58:53.549 [I] FilmLoadProc(SetProcMsg)[22] : RollGapLeft Axis Movement : Cur:-1.000mm Move:-5.000mm
16:58:53.783 [I] FilmLoadProc(SetProcMsg)[22] : RollGapRight Axis Movement Complete : Cur:-5.000mm Move:-5.000mm
16:58:53.783 [I] FilmLoadProc(SetProcMsg)[22] : RollGapLeft Axis Movement Complete : Cur:-5.000mm Move:-5.000mm
16:58:53.861 [I] FilmLoadProc(SetProcMsg)[22] : ================= End Process =================
16:59:24.165 [I] FilmLoadProc(SetProcMsg)[12] : ================= Start Process =================
16:59:24.486 [I] FilmLoadProc(SetProcMsg)[12] : ROLL GAP UP Enter
16:59:24.562 [I] FilmLoadProc(SetProcMsg)[12] : ROLL GAP UP
16:59:24.872 [I] FilmLoadProc(SetProcMsg)[12] : RollGapRight Axis Movement : Cur:-5.000mm Move:-1.000mm
16:59:24.873 [I] FilmLoadProc(SetProcMsg)[12] : RollGapLeft Axis Movement : Cur:-5.000mm Move:-1.000mm
16:59:25.108 [I] FilmLoadProc(SetProcMsg)[12] : RollGapRight Axis Movement Complete : Cur:-1.000mm Move:-1.000mm
16:59:25.108 [I] FilmLoadProc(SetProcMsg)[12] : RollGapLeft Axis Movement Complete : Cur:-1.000mm Move:-1.000mm
16:59:25.187 [I] FilmLoadProc(SetProcMsg)[12] : Ready Pos Move Enter
16:59:25.188 [I] FilmLoadProc(SetProcMsg)[12] : StageX Axis Movement : Cur:0.000mm Move:285.000mm
16:59:25.188 [I] FilmLoadProc(SetProcMsg)[12] : Demold Axis Movement : Cur:260.000mm Move:0.000mm
16:59:25.188 [I] FilmLoadProc(SetProcMsg)[12] : Delay Time 50 msec
16:59:31.072 [I] FilmLoadProc(SetProcMsg)[12] : Demold Axis Movement Complete : Cur:0.000mm Move:0.000mm
16:59:31.538 [I] FilmLoadProc(SetProcMsg)[12] : StageX Axis Movement Complete : Cur:285.000mm Move:285.000mm
16:59:31.693 [I] FilmLoadProc(SetProcMsg)[12] : Film Loading Pos Move Enter
16:59:31.694 [I] FilmLoadProc(SetProcMsg)[12] : StageX Axis Movement : Cur:285.000mm Move:605.000mm
16:59:31.694 [I] FilmLoadProc(SetProcMsg)[12] : Demold Axis Movement : Cur:0.000mm Move:320.000mm
16:59:31.696 [I] FilmLoadProc(SetProcMsg)[12] : Delay Time 50 msec
16:59:43.501 [I] FilmLoadProc(SetProcMsg)[12] : StageX Axis Movement Complete : Cur:605.000mm Move:605.000mm
16:59:43.577 [I] FilmLoadProc(SetProcMsg)[12] : Demold Axis Movement Complete : Cur:320.000mm Move:320.000mm
16:59:43.655 [I] FilmLoadProc(SetProcMsg)[12] : ROLL GAP DOWN Enter
16:59:43.731 [I] FilmLoadProc(SetProcMsg)[12] : ROLL GAP DOWN
16:59:43.731 [I] FilmLoadProc(SetProcMsg)[12] : Delay Time 2000 msec
16:59:45.819 [I] FilmLoadProc(SetProcMsg)[12] : RollGapRight Axis Movement : Cur:-1.000mm Move:-5.000mm
16:59:45.819 [I] FilmLoadProc(SetProcMsg)[12] : RollGapLeft Axis Movement : Cur:-1.000mm Move:-5.000mm
16:59:46.049 [I] FilmLoadProc(SetProcMsg)[12] : RollGapRight Axis Movement Complete : Cur:-5.000mm Move:-5.000mm
16:59:46.049 [I] FilmLoadProc(SetProcMsg)[12] : RollGapLeft Axis Movement Complete : Cur:-5.000mm Move:-5.000mm
16:59:46.126 [I] FilmLoadProc(SetProcMsg)[12] : ================= End Process =================
