15:25:45.445 [I] InitProc(SetProcMsg)[12] : ================= Start Process =================
15:25:45.624 [I] InitProc(SetProcMsg)[12] : Regulator [L:30%] [R:30%] Enter
15:25:45.705 [I] InitProc(SetProcMsg)[12] : Regulator [L:30%] [R:30%]
15:25:45.781 [I] InitProc(SetProcMsg)[12] : ROLL GAP UP Enter
15:25:45.859 [I] InitProc(SetProcMsg)[12] : ROLL GAP UP
15:25:45.934 [I] InitProc(SetProcMsg)[12] : UV CYLINDER UP Enter
15:25:46.015 [I] InitProc(SetProcMsg)[12] : UV CYLINDER UP
15:25:46.089 [I] InitProc(SetProcMsg)[12] : LIFT PIN DOWN Enter
15:25:46.171 [I] InitProc(SetProcMsg)[12] : LIFT PIN DOWN
15:25:46.247 [I] InitProc(SetProcMsg)[12] : FILM CLAMP DOWN Enter
15:25:46.330 [I] InitProc(SetProcMsg)[12] : FILM CLAMP DOWN
15:25:46.417 [I] InitProc(SetProcMsg)[12] : ROLL CLAMP DOWN Enter
15:25:46.513 [I] InitProc(SetProcMsg)[12] : ROLL CLAMP DOWN
15:25:46.835 [I] InitProc(SetProcMsg)[12] : Motion Home Enter (StageX, RollGapRight, RollGapLeft, Demold)
15:25:47.927 [I] InitProc(SetProcMsg)[12] : Motion Home (StageX, RollGapRight, RollGapLeft, Demold)
15:25:48.004 [I] InitProc(SetProcMsg)[12] : Motion Software Limit Enter
15:25:48.158 [I] InitProc(SetProcMsg)[12] : ================= End Process =================
15:37:58.593 [I] InitProc(SetProcMsg)[14] : ================= Start Process =================
15:37:58.751 [I] InitProc(SetProcMsg)[14] : Regulator [L:30%] [R:30%] Enter
15:37:58.831 [I] InitProc(SetProcMsg)[14] : Regulator [L:30%] [R:30%]
15:37:58.908 [I] InitProc(SetProcMsg)[14] : ROLL GAP UP Enter
15:37:58.988 [I] InitProc(SetProcMsg)[14] : ROLL GAP UP
15:37:59.064 [I] InitProc(SetProcMsg)[14] : UV CYLINDER UP Enter
15:37:59.142 [I] InitProc(SetProcMsg)[14] : UV CYLINDER UP
15:37:59.215 [I] InitProc(SetProcMsg)[14] : LIFT PIN DOWN Enter
15:37:59.297 [I] InitProc(SetProcMsg)[14] : LIFT PIN DOWN
15:37:59.370 [I] InitProc(SetProcMsg)[14] : FILM CLAMP DOWN Enter
15:37:59.452 [I] InitProc(SetProcMsg)[14] : FILM CLAMP DOWN
15:37:59.540 [I] InitProc(SetProcMsg)[14] : ROLL CLAMP DOWN Enter
15:37:59.621 [I] InitProc(SetProcMsg)[14] : ROLL CLAMP DOWN
15:37:59.951 [I] InitProc(SetProcMsg)[14] : Motion Home Enter (StageX, RollGapRight, RollGapLeft, Demold)
15:38:01.038 [I] InitProc(SetProcMsg)[14] : Motion Home (StageX, RollGapRight, RollGapLeft, Demold)
15:38:01.115 [I] InitProc(SetProcMsg)[14] : Motion Software Limit Enter
15:38:01.300 [I] InitProc(SetProcMsg)[14] : ================= End Process =================
