18:01:28.813 [I] FilmLoadProc(SetProcMsg)[22] : ================= Start Process =================
18:01:29.064 [I] FilmLoadProc(SetProcMsg)[22] : ROLL GAP UP Enter
18:01:29.126 [I] FilmLoadProc(SetProcMsg)[22] : ROLL GAP UP
18:01:29.377 [I] FilmLoadProc(SetProcMsg)[22] : RollGapRight 축 이동 : Cur:-5.000mm Move:-1.000mm
18:01:29.377 [I] FilmLoadProc(SetProcMsg)[22] : RollGapLeft 축 이동 : Cur:-5.000mm Move:-1.000mm
18:01:29.629 [I] FilmLoadProc(SetProcMsg)[22] : RollGapRight 축 이동 완료 : Cur:-1.000mm Move:-1.000mm
18:01:29.630 [I] FilmLoadProc(SetProcMsg)[22] : RollGapLeft 축 이동 완료 : Cur:-1.000mm Move:-1.000mm
18:01:29.754 [I] FilmLoadProc(SetProcMsg)[22] : Home Pos Move Enter
18:01:29.755 [I] FilmLoadProc(SetProcMsg)[22] : StageX 축 이동 : Cur:285.000mm Move:0.000mm
18:01:29.755 [I] FilmLoadProc(SetProcMsg)[22] : Demold 축 이동 : Cur:0.000mm Move:0.000mm Bypass
18:01:34.893 [I] FilmLoadProc(SetProcMsg)[22] : StageX 축 이동 완료 : Cur:0.000mm Move:0.000mm
18:01:35.137 [I] FilmLoadProc(SetProcMsg)[22] : ================= End Process =================
18:15:21.557 [I] FilmLoadProc(SetProcMsg)[19] : ================= Start Process =================
18:15:22.194 [I] FilmLoadProc(SetProcMsg)[19] : RollGapRight 축 이동 : Cur:0.000mm Move:-1.000mm
18:15:22.194 [I] FilmLoadProc(SetProcMsg)[19] : RollGapLeft 축 이동 : Cur:0.000mm Move:-1.000mm
18:15:22.435 [I] FilmLoadProc(SetProcMsg)[19] : RollGapRight 축 이동 완료 : Cur:-1.000mm Move:-1.000mm
18:15:22.436 [I] FilmLoadProc(SetProcMsg)[19] : RollGapLeft 축 이동 완료 : Cur:-1.000mm Move:-1.000mm
18:15:22.512 [I] FilmLoadProc(SetProcMsg)[19] : Ready Pos Move Enter
18:15:22.520 [I] FilmLoadProc(SetProcMsg)[19] : StageX 축 이동 : Cur:0.000mm Move:285.000mm
18:15:22.521 [I] FilmLoadProc(SetProcMsg)[19] : Demold 축 이동 : Cur:0.000mm Move:0.000mm Bypass
18:15:28.959 [I] FilmLoadProc(SetProcMsg)[19] : StageX 축 이동 완료 : Cur:285.000mm Move:285.000mm
18:15:29.194 [I] FilmLoadProc(SetProcMsg)[19] : ROLL GAP DOWN Enter
18:15:29.272 [I] FilmLoadProc(SetProcMsg)[19] : ROLL GAP DOWN
18:15:29.273 [I] FilmLoadProc(SetProcMsg)[19] : Delay Time 2000 msec
18:15:31.361 [I] FilmLoadProc(SetProcMsg)[19] : RollGapRight 축 이동 : Cur:-1.000mm Move:-5.000mm
18:15:31.362 [I] FilmLoadProc(SetProcMsg)[19] : RollGapLeft 축 이동 : Cur:-1.000mm Move:-5.000mm
18:15:31.596 [I] FilmLoadProc(SetProcMsg)[19] : RollGapRight 축 이동 완료 : Cur:-5.000mm Move:-5.000mm
18:15:31.597 [I] FilmLoadProc(SetProcMsg)[19] : RollGapLeft 축 이동 완료 : Cur:-5.000mm Move:-5.000mm
18:15:31.675 [I] FilmLoadProc(SetProcMsg)[19] : ================= End Process =================
18:29:48.454 [I] FilmLoadProc(SetProcMsg)[17] : ================= Start Process =================
18:29:48.984 [I] FilmLoadProc(SetProcMsg)[17] : RollGapRight 축 이동 : Cur:0.000mm Move:-1.000mm
18:29:48.986 [I] FilmLoadProc(SetProcMsg)[17] : RollGapLeft 축 이동 : Cur:0.000mm Move:-1.000mm
18:29:49.243 [I] FilmLoadProc(SetProcMsg)[17] : RollGapRight 축 이동 완료 : Cur:-1.000mm Move:-1.000mm
18:29:49.243 [I] FilmLoadProc(SetProcMsg)[17] : RollGapLeft 축 이동 완료 : Cur:-1.000mm Move:-1.000mm
18:29:49.306 [I] FilmLoadProc(SetProcMsg)[17] : Ready Pos Move Enter
18:29:49.333 [I] FilmLoadProc(SetProcMsg)[17] : StageX 축 이동 : Cur:0.000mm Move:285.000mm
18:29:49.334 [I] FilmLoadProc(SetProcMsg)[17] : Demold 축 이동 : Cur:0.000mm Move:0.000mm Bypass
18:29:55.180 [I] FilmLoadProc(SetProcMsg)[17] : StageX 축 이동 완료 : Cur:285.000mm Move:285.000mm
18:29:55.364 [I] FilmLoadProc(SetProcMsg)[17] : ROLL GAP DOWN Enter
18:29:55.427 [I] FilmLoadProc(SetProcMsg)[17] : ROLL GAP DOWN
18:29:55.427 [I] FilmLoadProc(SetProcMsg)[17] : Delay Time 2000 msec
18:29:57.489 [I] FilmLoadProc(SetProcMsg)[17] : RollGapRight 축 이동 : Cur:-1.000mm Move:-5.000mm
18:29:57.490 [I] FilmLoadProc(SetProcMsg)[17] : RollGapLeft 축 이동 : Cur:-1.000mm Move:-5.000mm
18:29:57.737 [I] FilmLoadProc(SetProcMsg)[17] : RollGapRight 축 이동 완료 : Cur:-5.000mm Move:-5.000mm
18:29:57.737 [I] FilmLoadProc(SetProcMsg)[17] : RollGapLeft 축 이동 완료 : Cur:-5.000mm Move:-5.000mm
18:29:57.798 [I] FilmLoadProc(SetProcMsg)[17] : ================= End Process =================
18:42:02.228 [I] FilmLoadProc(SetProcMsg)[22] : ================= Start Process =================
18:42:02.474 [I] FilmLoadProc(SetProcMsg)[22] : ROLL GAP UP Enter
18:42:02.541 [I] FilmLoadProc(SetProcMsg)[22] : ROLL GAP UP
18:42:02.788 [I] FilmLoadProc(SetProcMsg)[22] : RollGapRight 축 이동 : Cur:-5.000mm Move:-1.000mm
18:42:02.789 [I] FilmLoadProc(SetProcMsg)[22] : RollGapLeft 축 이동 : Cur:-5.000mm Move:-1.000mm
18:42:03.036 [I] FilmLoadProc(SetProcMsg)[22] : RollGapRight 축 이동 완료 : Cur:-1.000mm Move:-1.000mm
18:42:03.037 [I] FilmLoadProc(SetProcMsg)[22] : RollGapLeft 축 이동 완료 : Cur:-1.000mm Move:-1.000mm
18:42:03.099 [I] FilmLoadProc(SetProcMsg)[22] : Ready Pos Move Enter
18:42:03.099 [I] FilmLoadProc(SetProcMsg)[22] : StageX 축 이동 : Cur:550.000mm Move:285.000mm
18:42:03.100 [I] FilmLoadProc(SetProcMsg)[22] : Demold 축 이동 : Cur:265.000mm Move:0.000mm
18:42:03.100 [I] FilmLoadProc(SetProcMsg)[22] : Delay Time 50 msec
18:42:08.546 [I] FilmLoadProc(SetProcMsg)[22] : StageX 축 이동 완료 : Cur:285.000mm Move:285.000mm
18:42:08.608 [I] FilmLoadProc(SetProcMsg)[22] : Demold 축 이동 완료 : Cur:0.000mm Move:0.000mm
18:42:08.670 [I] FilmLoadProc(SetProcMsg)[22] : Home Pos Move Enter
18:42:08.674 [I] FilmLoadProc(SetProcMsg)[22] : StageX 축 이동 : Cur:285.000mm Move:0.000mm
18:42:08.675 [I] FilmLoadProc(SetProcMsg)[22] : Demold 축 이동 : Cur:0.000mm Move:0.000mm Bypass
18:42:13.830 [I] FilmLoadProc(SetProcMsg)[22] : StageX 축 이동 완료 : Cur:0.000mm Move:0.000mm
18:42:14.076 [I] FilmLoadProc(SetProcMsg)[22] : ================= End Process =================
18:42:27.024 [I] FilmLoadProc(SetProcMsg)[22] : ================= Start Process =================
18:42:27.516 [I] FilmLoadProc(SetProcMsg)[22] : RollGapRight 축 이동 : Cur:-1.000mm Move:-1.000mm Bypass
18:42:27.516 [I] FilmLoadProc(SetProcMsg)[22] : RollGapLeft 축 이동 : Cur:-1.000mm Move:-1.000mm Bypass
18:42:27.644 [I] FilmLoadProc(SetProcMsg)[22] : Ready Pos Move Enter
18:42:27.646 [I] FilmLoadProc(SetProcMsg)[22] : StageX 축 이동 : Cur:0.000mm Move:285.000mm
18:42:27.647 [I] FilmLoadProc(SetProcMsg)[22] : Demold 축 이동 : Cur:0.000mm Move:0.000mm Bypass
18:42:33.512 [I] FilmLoadProc(SetProcMsg)[22] : StageX 축 이동 완료 : Cur:285.000mm Move:285.000mm
18:42:33.635 [I] FilmLoadProc(SetProcMsg)[22] : Film Loading Pos Move Enter
18:42:33.636 [I] FilmLoadProc(SetProcMsg)[22] : StageX 축 이동 : Cur:285.000mm Move:605.000mm
18:42:33.637 [I] FilmLoadProc(SetProcMsg)[22] : Demold 축 이동 : Cur:0.000mm Move:320.000mm
18:42:33.637 [I] FilmLoadProc(SetProcMsg)[22] : Delay Time 50 msec
18:42:44.532 [I] FilmLoadProc(SetProcMsg)[22] : StageX 축 이동 완료 : Cur:605.000mm Move:605.000mm
18:42:44.594 [I] FilmLoadProc(SetProcMsg)[22] : Demold 축 이동 완료 : Cur:320.000mm Move:320.000mm
18:42:44.656 [I] FilmLoadProc(SetProcMsg)[22] : ROLL GAP DOWN Enter
18:42:44.717 [I] FilmLoadProc(SetProcMsg)[22] : ROLL GAP DOWN
18:42:44.717 [I] FilmLoadProc(SetProcMsg)[22] : Delay Time 2000 msec
18:42:46.779 [I] FilmLoadProc(SetProcMsg)[22] : RollGapRight 축 이동 : Cur:-1.000mm Move:-5.000mm
18:42:46.780 [I] FilmLoadProc(SetProcMsg)[22] : RollGapLeft 축 이동 : Cur:-1.000mm Move:-5.000mm
18:42:47.024 [I] FilmLoadProc(SetProcMsg)[22] : RollGapRight 축 이동 완료 : Cur:-5.000mm Move:-5.000mm
18:42:47.024 [I] FilmLoadProc(SetProcMsg)[22] : RollGapLeft 축 이동 완료 : Cur:-5.000mm Move:-5.000mm
18:42:47.086 [I] FilmLoadProc(SetProcMsg)[22] : ================= End Process =================
18:42:58.114 [I] FilmLoadProc(SetProcMsg)[10] : ================= Start Process =================
18:42:58.358 [I] FilmLoadProc(SetProcMsg)[10] : ROLL GAP UP Enter
18:42:58.420 [I] FilmLoadProc(SetProcMsg)[10] : ROLL GAP UP
18:42:58.663 [I] FilmLoadProc(SetProcMsg)[10] : RollGapRight 축 이동 : Cur:-5.000mm Move:-1.000mm
18:42:58.664 [I] FilmLoadProc(SetProcMsg)[10] : RollGapLeft 축 이동 : Cur:-5.000mm Move:-1.000mm
18:42:58.910 [I] FilmLoadProc(SetProcMsg)[10] : RollGapRight 축 이동 완료 : Cur:-1.000mm Move:-1.000mm
18:42:58.910 [I] FilmLoadProc(SetProcMsg)[10] : RollGapLeft 축 이동 완료 : Cur:-1.000mm Move:-1.000mm
18:42:58.971 [I] FilmLoadProc(SetProcMsg)[10] : Ready Pos Move Enter
18:42:58.972 [I] FilmLoadProc(SetProcMsg)[10] : StageX 축 이동 : Cur:605.000mm Move:285.000mm
18:42:58.973 [I] FilmLoadProc(SetProcMsg)[10] : Demold 축 이동 : Cur:320.000mm Move:0.000mm
18:42:58.973 [I] FilmLoadProc(SetProcMsg)[10] : Delay Time 50 msec
18:43:05.527 [I] FilmLoadProc(SetProcMsg)[10] : StageX 축 이동 완료 : Cur:285.000mm Move:285.000mm
18:43:05.589 [I] FilmLoadProc(SetProcMsg)[10] : Demold 축 이동 완료 : Cur:0.000mm Move:0.000mm
18:43:05.772 [I] FilmLoadProc(SetProcMsg)[10] : ROLL GAP DOWN Enter
18:43:05.834 [I] FilmLoadProc(SetProcMsg)[10] : ROLL GAP DOWN
18:43:05.834 [I] FilmLoadProc(SetProcMsg)[10] : Delay Time 2000 msec
18:43:07.896 [I] FilmLoadProc(SetProcMsg)[10] : RollGapRight 축 이동 : Cur:-1.000mm Move:-5.000mm
18:43:07.897 [I] FilmLoadProc(SetProcMsg)[10] : RollGapLeft 축 이동 : Cur:-1.000mm Move:-5.000mm
18:43:08.141 [I] FilmLoadProc(SetProcMsg)[10] : RollGapRight 축 이동 완료 : Cur:-5.000mm Move:-5.000mm
18:43:08.141 [I] FilmLoadProc(SetProcMsg)[10] : RollGapLeft 축 이동 완료 : Cur:-5.000mm Move:-5.000mm
18:43:08.204 [I] FilmLoadProc(SetProcMsg)[10] : ================= End Process =================
