16:53:06.289 [I] MainViewModel(Event_OnInterlockCheckEvent)[1] : Would you like to perform the initialization operation?
16:55:45.711 [I] MainViewModel(Event_OnInterlockCheckEvent)[1] : Would you like to perform the initialization operation?
16:55:53.671 [I] MainViewModel(Event_OnInterlockCheckEvent)[1] : Would you like to perform the ready operation?
16:56:22.447 [I] MainViewModel(Event_OnInterlockCheckEvent)[1] : Would you like to perform the Imprint operation?
16:56:35.299 [I] MainViewModel(Event_OnInterlockCheckEvent)[1] : Would you like to perform the demold operation?
16:56:45.225 [I] MainViewModel(Event_OnInterlockCheckEvent)[1] : Would you like to perform the demold operation?
16:56:50.461 [I] MainViewModel(Event_OnInterlockCheckEvent)[1] : Would you like to perform the demold operation?
16:57:08.836 [I] MainViewModel(Event_OnInterlockCheckEvent)[1] : Would you like to perform the home operation?
16:57:18.585 [I] MainViewModel(Event_OnInterlockCheckEvent)[1] : Would you like to perform the ready operation?
16:57:29.724 [I] MainViewModel(Event_OnInterlockCheckEvent)[1] : Would you like to perform the Imprint operation?
16:57:40.757 [I] MainViewModel(Event_OnInterlockCheckEvent)[1] : Would you like to perform the demold operation?
16:57:48.774 [I] MainViewModel(Event_OnInterlockCheckEvent)[1] : Would you like to perform the demold operation?
16:57:53.925 [I] MainViewModel(Event_OnInterlockCheckEvent)[1] : Would you like to perform the demold operation?
16:58:00.243 [I] MainViewModel(Event_OnInterlockCheckEvent)[1] : Would you like to perform the home operation?
16:58:38.744 [I] MainViewModel(Event_OnInterlockCheckEvent)[1] : Would you like to perform the initialization operation?
16:58:47.726 [I] MainViewModel(Event_OnInterlockCheckEvent)[1] : Would you like to perform the ready operation?
16:58:51.294 [I] MainViewModel(Event_OnInterlockCheckEvent)[1] : Would you like to perform the demold operation?
16:58:53.184 [I] EventManager(Event_OnInterlockMsgEvent)[1] : The current lcation cannot be started.
Please move to the Ready location and try again.
16:59:15.094 [I] MainViewModel(Event_OnInterlockCheckEvent)[1] : Would you like to perform the ready operation?
16:59:31.061 [I] MainViewModel(Event_OnInterlockCheckEvent)[1] : Would you like to perform the ready operation?
16:59:55.136 [I] MainViewModel(Event_OnInterlockCheckEvent)[1] : Would you like to perform the film loading operation ?
