14:04:10.859 [I] MainViewModel(Event_OnInterlockCheckEvent)[1] : Would you like to perform the initialization operation?
14:08:15.850 [I] MainViewModel(Event_OnInterlockCheckEvent)[1] : Would you like to perform the ready operation?
14:08:30.587 [I] MainViewModel(Event_OnInterlockCheckEvent)[1] : Would you like to perform the ready operation?
14:09:18.918 [I] MainViewModel(Event_OnInterlockCheckEvent)[1] : Would you like to perform the home operation?
14:15:17.757 [I] MainViewModel(Event_OnInterlockCheckEvent)[1] : Would you like to perform the initialization operation?
14:16:08.043 [I] MainViewModel(Event_OnInterlockCheckEvent)[1] : Would you like to perform the ready operation?
14:16:22.158 [I] MainViewModel(Event_OnInterlockCheckEvent)[1] : Would you like to perform the Imprint operation?
14:16:36.132 [I] MainViewModel(Event_OnInterlockCheckEvent)[1] : Would you like to perform the demold operation?
14:16:38.300 [I] MainViewModel(Event_OnInterlockCheckEvent)[1] : Would you like to perform the Imprint operation?
14:16:40.597 [I] EventManager(Event_OnInterlockMsgEvent)[1] : The current lcation cannot be started.
Please move to the Ready location and try again.
14:18:25.940 [I] MainViewModel(Event_OnInterlockCheckEvent)[1] : Would you like to perform the ready operation?
14:31:01.105 [I] MainViewModel(Event_OnInterlockCheckEvent)[1] : Would you like to perform the initialization operation?
14:32:47.986 [I] MainViewModel(Event_OnInterlockCheckEvent)[1] : Would you like to perform the ready operation?
14:33:12.582 [I] MainViewModel(Event_OnInterlockCheckEvent)[1] : Would you like to save the data?
14:33:29.669 [I] MainViewModel(Event_OnInterlockCheckEvent)[1] : Would you like to perform the Imprint operation?
14:33:49.442 [I] MainViewModel(Event_OnInterlockCheckEvent)[1] : Would you like to perform the demold operation?
14:34:18.083 [I] MainViewModel(Event_OnInterlockCheckEvent)[1] : Would you like to perform the demold operation?
14:34:25.959 [I] MainViewModel(Event_OnInterlockCheckEvent)[1] : Would you like to perform the film loading operation ?
14:49:06.275 [I] MainViewModel(Event_OnInterlockCheckEvent)[1] : Would you like to perform the initialization operation?
14:49:17.727 [I] MainViewModel(Event_OnInterlockCheckEvent)[1] : Would you like to perform the ready operation?
14:50:15.927 [I] MainViewModel(Event_OnInterlockCheckEvent)[1] : Would you like to perform the ready operation?
14:50:57.642 [I] MainViewModel(Event_OnInterlockCheckEvent)[1] : Would you like to perform the initialization operation?
14:51:09.891 [I] MainViewModel(Event_OnInterlockCheckEvent)[1] : Would you like to perform the ready operation?
14:51:41.247 [I] MainViewModel(Event_OnInterlockCheckEvent)[1] : Would you like to perform the Imprint operation?
14:51:58.579 [I] EventManager(Event_OnInterlockMsgEvent)[1] : Cannot start from the current position.\r\nPlease move to the Ready position and try again
14:52:08.950 [I] EventManager(Event_OnInterlockMsgEvent)[1] : Cannot start from the current position.\r\nPlease move to the Ready position and try again
14:52:22.812 [I] MainViewModel(Event_OnInterlockCheckEvent)[1] : Would you like to perform the initialization operation?
14:52:52.348 [I] MainViewModel(Event_OnInterlockCheckEvent)[1] : The stage in not the ready position.
 Would you like to perform the home operation?
14:52:53.828 [I] MainViewModel(Event_OnInterlockCheckEvent)[1] : Would you like to perform the ready operation?
14:53:39.524 [I] MainViewModel(Event_OnInterlockCheckEvent)[1] : Would you like to perform the ready operation?
