16:28:37.274 [I] FilmLoadProc(SetProcMsg)[14] : ================= Start Process =================
16:28:37.896 [I] FilmLoadProc(SetProcMsg)[14] : RollGapRight Axis Movement : Cur:0.000mm Move:-1.000mm
16:28:37.897 [I] FilmLoadProc(SetProcMsg)[14] : RollGapLeft Axis Movement : Cur:0.000mm Move:-1.000mm
16:28:38.125 [I] FilmLoadProc(SetProcMsg)[14] : RollGapRight Axis Movement Complete : Cur:-1.000mm Move:-1.000mm
16:28:38.127 [I] FilmLoadProc(SetProcMsg)[14] : RollGapLeft Axis Movement Complete : Cur:-1.000mm Move:-1.000mm
16:28:38.204 [I] FilmLoadProc(SetProcMsg)[14] : Ready Pos Move Enter
16:28:38.204 [I] FilmLoadProc(SetProcMsg)[14] : StageX Axis Movement : Cur:0.000mm Move:285.000mm
16:28:38.205 [I] FilmLoadProc(SetProcMsg)[14] : Demold Axis Movement : Cur:0.000mm Move:0.000mm Bypass
16:28:44.583 [I] FilmLoadProc(SetProcMsg)[14] : StageX Axis Movement Complete : Cur:285.000mm Move:285.000mm
16:28:44.738 [I] FilmLoadProc(SetProcMsg)[14] : Film Loading Pos Move Enter
16:28:44.738 [I] FilmLoadProc(SetProcMsg)[14] : StageX Axis Movement : Cur:285.000mm Move:605.000mm
16:28:44.738 [I] FilmLoadProc(SetProcMsg)[14] : Demold Axis Movement : Cur:0.000mm Move:320.000mm
16:28:44.739 [I] FilmLoadProc(SetProcMsg)[14] : Delay Time 50 msec
16:28:56.578 [I] FilmLoadProc(SetProcMsg)[14] : StageX Axis Movement Complete : Cur:605.000mm Move:605.000mm
16:28:56.654 [I] FilmLoadProc(SetProcMsg)[14] : Demold Axis Movement Complete : Cur:320.000mm Move:320.000mm
16:28:56.733 [I] FilmLoadProc(SetProcMsg)[14] : ROLL GAP DOWN Enter
16:28:56.810 [I] FilmLoadProc(SetProcMsg)[14] : ROLL GAP DOWN
16:28:56.810 [I] FilmLoadProc(SetProcMsg)[14] : Delay Time 2000 msec
16:28:58.895 [I] FilmLoadProc(SetProcMsg)[14] : RollGapRight Axis Movement : Cur:-1.000mm Move:-5.000mm
16:28:58.896 [I] FilmLoadProc(SetProcMsg)[14] : RollGapLeft Axis Movement : Cur:-1.000mm Move:-5.000mm
16:28:59.129 [I] FilmLoadProc(SetProcMsg)[14] : RollGapRight Axis Movement Complete : Cur:-5.000mm Move:-5.000mm
16:28:59.129 [I] FilmLoadProc(SetProcMsg)[14] : RollGapLeft Axis Movement Complete : Cur:-5.000mm Move:-5.000mm
16:28:59.208 [I] FilmLoadProc(SetProcMsg)[14] : ================= End Process =================
